VirtualBox XPCOM Server 5.1.2_OSE r108956 linux.amd64 (Jul 24 2016 20:07:04) release log
00:00:00.001167 main     Log opened 2016-08-06T13:02:27.136042000Z
00:00:00.001169 main     Build Type: release
00:00:00.001172 main     OS Product: Linux
00:00:00.001173 main     OS Release: 4.6.4-1-ARCH
00:00:00.001174 main     OS Version: #1 SMP PREEMPT Mon Jul 11 19:12:32 CEST 2016
00:00:00.001193 main     DMI Product Name: To Be Filled By O.E.M.
00:00:00.001201 main     DMI Product Version: To Be Filled By O.E.M.
00:00:00.001233 main     Host RAM: 7939MB total, 7640MB available
00:00:00.001236 main     Executable: /usr/lib/virtualbox/VBoxSVC
00:00:00.001236 main     Process ID: 5591
00:00:00.001237 main     Package type: LINUX_64BITS_GENERIC (OSE)
00:00:00.002558 main     IPC socket path: /tmp/.vbox-h4rm-ipc/ipcd
00:00:00.107622 nspr-2   VirtualBox: object creation starts
00:00:00.108491 nspr-2   Home directory: '/home/h4rm/.config/VirtualBox'
00:00:00.108755 nspr-2   Loading settings file "/home/h4rm/.config/VirtualBox/VirtualBox.xml" with version "1.12-linux"
00:00:00.112357 nspr-2   NAT: resolv.conf: nameserver 208.67.222.222
00:00:00.112369 nspr-2   NAT: resolv.conf: nameserver 208.67.220.220
00:00:00.112376 nspr-2   HostDnsMonitor: old information
00:00:00.112378 nspr-2     no server entries
00:00:00.112379 nspr-2     no domain set
00:00:00.112380 nspr-2     no search string entries
00:00:00.112382 nspr-2   HostDnsMonitor: new information
00:00:00.112383 nspr-2     server 1: 208.67.222.222
00:00:00.112384 nspr-2     server 2: 208.67.220.220
00:00:00.112386 nspr-2     no domain set
00:00:00.112387 nspr-2     no search string entries
00:00:00.112390 nspr-2   HostDnsMonitorProxy::notify
00:00:00.118195 nspr-2   VD: VDInit finished
00:00:00.123546 nspr-2   Loading settings file "/home/h4rm/VirtualBox VMs/Windows 10/Windows 10.vbox" with version "1.15-linux"
00:00:00.124403 nspr-2   VirtualBox: object created
00:00:00.277847 nspr-5   WARNING [COM]: aRC=NS_ERROR_FAILURE (0x80004005) aIID={afca788c-4477-787d-60b2-3fa70e56fbbc} aComponent={HostWrap} aText={VirtualBox is not currently allowed to access USB devices.  You can change this by adding your user to the 'vboxusers' group.  Please see the user manual for a more detailed explanation}, preserve=true  aResultDetail=0
00:00:00.323967 nspr-4   WARNING [COM]: aRC=NS_ERROR_FAILURE (0x80004005) aIID={afca788c-4477-787d-60b2-3fa70e56fbbc} aComponent={HostWrap} aText={VirtualBox is not currently allowed to access USB devices.  You can change this by adding your user to the 'vboxusers' group.  Please see the user manual for a more detailed explanation}, preserve=true  aResultDetail=0
00:00:00.324585 nspr-4   WARNING [COM]: aRC=NS_ERROR_FAILURE (0x80004005) aIID={afca788c-4477-787d-60b2-3fa70e56fbbc} aComponent={HostWrap} aText={VirtualBox is not currently allowed to access USB devices.  You can change this by adding your user to the 'vboxusers' group.  Please see the user manual for a more detailed explanation}, preserve=true  aResultDetail=0
00:00:00.325101 nspr-5   WARNING [COM]: aRC=NS_ERROR_FAILURE (0x80004005) aIID={afca788c-4477-787d-60b2-3fa70e56fbbc} aComponent={HostWrap} aText={VirtualBox is not currently allowed to access USB devices.  You can change this by adding your user to the 'vboxusers' group.  Please see the user manual for a more detailed explanation}, preserve=true  aResultDetail=0
